Arguments: 
  C:\Program Files\nodejs\node.exe C:\Users\ender\AppData\Roaming\npm\node_modules\yarn\bin\yarn.js go

PATH: 
  C:\Program Files\Oculus\Support\oculus-runtime;C:\Program Files\ImageMagick-7.0.10-Q16-HDRI;C:\Program Files\Common Files\Oracle\Java\javapath;C:\Program Files (x86)\Razer Chroma SDK\bin;C:\Program Files\Razer Chroma SDK\bin;C:\Python38\Scripts\;C:\Python38\;C:\Program Files (x86)\Razer\ChromaBroadcast\bin;C:\Program Files\Razer\ChromaBroadcast\bin;C:\Program Files (x86)\Common Files\Oracle\Java\javapath;C:\Program Files\AdoptOpenJDK\jdk-11.0.6.10-hotspot\bin;C:\Windows\system32;C:\Windows;C:\Windows\System32\Wbem;C:\Windows\System32\WindowsPowerShell\v1.0\;C:\Windows\System32\OpenSSH\;C:\Program Files\Git\cmd;C:\Program Files\dotnet\;C:\Users\ender\.cargo\bin;C:\Strawberry\c\bin;C:\Strawberry\perl\site\bin;C:\Strawberry\perl\bin;C:\Program Files\erl10.3\bin;C:\Program Files (x86)\Elixir\bin;C:\Windows\system32\config\systemprofile\.mix\escripts;C:\Program Files\CMake\bin;C:\Users\ender\AppData\Local\Microsoft\WindowsApps;C:\Users\ender\.dotnet\tools;C:\ProgramData\chocolatey\bin;C:\Program Files\Docker\Docker\resources\bin;C:\ProgramData\DockerDesktop\version-bin;C:\Program Files\PuTTY\;C:\Program Files\LLVM\bin;C:\Program Files\Go\bin;C:\Users\ender\AppData\Roaming\nvm;C:\Program Files\nodejs;C:\Program Files\nodejs\;C:\WINDOWS\system32;C:\WINDOWS;C:\WINDOWS\System32\Wbem;C:\WINDOWS\System32\WindowsPowerShell\v1.0\;C:\WINDOWS\System32\OpenSSH\;C:\Users\ender\AppData\Local\Programs\Python\Python39\Scripts\;C:\Users\ender\AppData\Local\Programs\Python\Python39\;C:\Users\ender\.cargo\bin;C:\Users\ender\AppData\Local\Microsoft\WindowsApps;C:\Users\ender\.dotnet\tools;C:\Users\ender\AppData\Local\Programs\Fiddler;C:\Users\ender\AppData\Local\GitHubDesktop\bin;C:\Program Files (x86)\GnuWin32\bin;C:\PATH;C:\Program Files\CMake\bin;C:\Users\ender\AppData\Local\Programs\Microsoft VS Code\bin;C:\Users\ender\AppData\Local\atom\bin;C:\Gradle\bin;C:\Program Files\JetBrains\IntelliJ IDEA Community Edition 2020.1.1\bin;C:\Program Files\qemu;C:\Users\ender\.deno\bin;C:\Users\ender\AppData\Local\Android\Sdk;C:\flutter\bin;C:\Users\ender\AppData\Local\Android\Sdk\platform-tools;C:\apache-maven-3.6.3\bin;C:\Program Files (x86)\Nmap;C:\Program Files (x86)\Microsoft Visual Studio\2019\Community\VC\Tools\MSVC\14.24.28314\bin\Hostx64\x64;C:\Users\ender\AppData\Local\bin\NASM;C:\sciter\bin.win;C:\sciter\bin.lnx;C:\Program Files\OpenSSL-Win64\bin;C:\Program Files (x86)\FontForgeBuilds\bin;C:\Users\ender\go\bin;C:\Users\ender\AppData\Roaming\nvm;C:\Program Files\nodejs;C:\Users\ender\AppData\Roaming\npm;C:\Users\ender\AppData\Local\Microsoft\WindowsApps;

Yarn version: 
  1.22.4

Node version: 
  14.16.0

Platform: 
  win32 x64

Trace: 
  SyntaxError: C:\Users\ender\Desktop\aurora\package.json: Unexpected token } in JSON at position 117
      at JSON.parse (<anonymous>)
      at C:\Users\ender\AppData\Roaming\npm\node_modules\yarn\lib\cli.js:1625:59
      at Generator.next (<anonymous>)
      at step (C:\Users\ender\AppData\Roaming\npm\node_modules\yarn\lib\cli.js:310:30)
      at C:\Users\ender\AppData\Roaming\npm\node_modules\yarn\lib\cli.js:321:13

npm manifest: 
  {
    "scripts": {
      "tauri": "yarn tauri",
      "go": "tauri build && .\\src-tauri\\target\\releases\\aurora.exe",
    },
    "name": "aurora",
    "version": "1.0.0",
    "main": "index.js",
    "license": "MIT"
  }

yarn manifest: 
  No manifest

Lockfile: 
  No lockfile
